[debug] [2022-12-23T19:08:05.838Z] ----------------------------------------------------------------------
[debug] [2022-12-23T19:08:05.841Z] Command:       C:\Program Files\nodejs\node.exe C:\Users\NATIONAL COMPUTER\AppData\Roaming\npm\node_modules\firebase-tools\lib\bin\firebase.js init
[debug] [2022-12-23T19:08:05.842Z] CLI Version:   11.15.0
[debug] [2022-12-23T19:08:05.842Z] Platform:      win32
[debug] [2022-12-23T19:08:05.842Z] Node Version:  v16.15.1
[debug] [2022-12-23T19:08:05.843Z] Time:          Sat Dec 24 2022 01:08:05 GMT+0600 (Bangladesh Standard Time)
[debug] [2022-12-23T19:08:05.844Z] ----------------------------------------------------------------------
[debug] 
[debug] [2022-12-23T19:08:05.854Z] > command requires scopes: ["email","openid","https://www.googleapis.com/auth/cloudplatformprojects.readonly","https://www.googleapis.com/auth/firebase","https://www.googleapis.com/auth/cloud-platform"]
[debug] [2022-12-23T19:08:05.855Z] > authorizing via signed-in user (sknahid68@gmail.com)
[info] 
     ######## #### ########  ######## ########     ###     ######  ########
     ##        ##  ##     ## ##       ##     ##  ##   ##  ##       ##
     ######    ##  ########  ######   ########  #########  ######  ######
     ##        ##  ##    ##  ##       ##     ## ##     ##       ## ##
     ##       #### ##     ## ######## ########  ##     ##  ######  ########

You're about to initialize a Firebase project in this directory:

  C:\programminghero\myportfolio-client

Before we get started, keep in mind:

  * You are currently outside your home directory

[info] 
=== Project Setup
[info] 
[info] First, let's associate this project directory with a Firebase project.
[info] You can create multiple project aliases by running firebase use --add, 
[info] but for now we'll just set up a default project.
[info] 
[debug] [2022-12-23T19:08:17.690Z] > refreshing access token with scopes: []
[debug] [2022-12-23T19:08:17.693Z] >>> [apiv2][query] POST https://www.googleapis.com/oauth2/v3/token [none]
[debug] [2022-12-23T19:08:17.693Z] >>> [apiv2][body] POST https://www.googleapis.com/oauth2/v3/token [omitted]
[debug] [2022-12-23T19:08:18.108Z] <<< [apiv2][status] POST https://www.googleapis.com/oauth2/v3/token 200
[debug] [2022-12-23T19:08:18.109Z] <<< [apiv2][body] POST https://www.googleapis.com/oauth2/v3/token [omitted]
[debug] [2022-12-23T19:08:18.132Z] >>> [apiv2][query] GET https://firebase.googleapis.com/v1beta1/projects pageSize=100
[debug] [2022-12-23T19:08:19.044Z] <<< [apiv2][status] GET https://firebase.googleapis.com/v1beta1/projects 200
[debug] [2022-12-23T19:08:19.044Z] <<< [apiv2][body] GET https://firebase.googleapis.com/v1beta1/projects [omitted]
